<?xml version="1.0" encoding="UTF-8"?>
<testsuite name="Tests" tests="14" skipped="0" failures="0" errors="0" timestamp="2022-09-09T20:47:18" hostname="DESKTOP-NPLISEE" time="0.066">
  <properties/>
  <testcase name="divideTest()" classname="Tests" time="0.024"/>
  <testcase name="addTest()" classname="Tests" time="0.002"/>
  <testcase name="convertTest()" classname="Tests" time="0.003"/>
  <testcase name="calcExpressionsDivisionTest()" classname="Tests" time="0.002"/>
  <testcase name="revertTest()" classname="Tests" time="0.002"/>
  <testcase name="squareRootTest2()" classname="Tests" time="0.002"/>
  <testcase name="squareRootTest3()" classname="Tests" time="0.003"/>
  <testcase name="squareRootTest()" classname="Tests" time="0.001"/>
  <testcase name="calcExpressionsAdditionTest()" classname="Tests" time="0.001"/>
  <testcase name="multiplyTest()" classname="Tests" time="0.001"/>
  <testcase name="subtractTest()" classname="Tests" time="0.001"/>
  <testcase name="calcExpressionsMultiplyTest()" classname="Tests" time="0.001"/>
  <testcase name="calcExpressionsSubtractTest()" classname="Tests" time="0.001"/>
  <testcase name="squareTest()" classname="Tests" time="0.001"/>
  <system-out><![CDATA[]]></system-out>
  <system-err><![CDATA[]]></system-err>
</testsuite>
